  DebugLevel.cpp
C:\Users\Ben\Documents\MultiMouse\MultiMouse\FuncTimer.h(2,10): warning C4067: unexpected tokens following preprocessor directive - expected a newline
  DodgebalLevel.cpp
C:\Users\Ben\Documents\MultiMouse\MultiMouse\FuncTimer.h(2,10): warning C4067: unexpected tokens following preprocessor directive - expected a newline
  FuncTimer.cpp
C:\Users\Ben\Documents\MultiMouse\MultiMouse\FuncTimer.h(2,10): warning C4067: unexpected tokens following preprocessor directive - expected a newline
  FuncTimerFunctions.cpp
C:\Users\Ben\Documents\MultiMouse\MultiMouse\FuncTimer.h(2,10): warning C4067: unexpected tokens following preprocessor directive - expected a newline
  JugglingLevel.cpp
C:\Users\Ben\Documents\MultiMouse\MultiMouse\FuncTimer.h(2,10): warning C4067: unexpected tokens following preprocessor directive - expected a newline
  KeyboardFunction.cpp
C:\Users\Ben\Documents\MultiMouse\MultiMouse\FuncTimer.h(2,10): warning C4067: unexpected tokens following preprocessor directive - expected a newline
C:\Users\Ben\Documents\MultiMouse\MultiMouse\KeyboardFunction.cpp(22,19): warning C4305: '+=': truncation from 'double' to 'float'
C:\Users\Ben\Documents\MultiMouse\MultiMouse\KeyboardFunction.cpp(27,19): warning C4305: '-=': truncation from 'double' to 'float'
C:\Users\Ben\Documents\MultiMouse\MultiMouse\KeyboardFunction.cpp(31,19): warning C4305: '+=': truncation from 'double' to 'float'
C:\Users\Ben\Documents\MultiMouse\MultiMouse\KeyboardFunction.cpp(36,19): warning C4305: '-=': truncation from 'double' to 'float'
  Level.cpp
C:\Users\Ben\Documents\MultiMouse\MultiMouse\FuncTimer.h(2,10): warning C4067: unexpected tokens following preprocessor directive - expected a newline
  LevelManager.cpp
C:\Users\Ben\Documents\MultiMouse\MultiMouse\FuncTimer.h(2,10): warning C4067: unexpected tokens following preprocessor directive - expected a newline
  LevelSelect.cpp
C:\Users\Ben\Documents\MultiMouse\MultiMouse\FuncTimer.h(2,10): warning C4067: unexpected tokens following preprocessor directive - expected a newline
C:\Users\Ben\Documents\MultiMouse\MultiMouse\LevelSelect.cpp(8,20): warning C4018: '<': signed/unsigned mismatch
  PongLevel.cpp
C:\Users\Ben\Documents\MultiMouse\MultiMouse\FuncTimer.h(2,10): warning C4067: unexpected tokens following preprocessor directive - expected a newline
C:\Users\Ben\Documents\MultiMouse\MultiMouse\PongLevel.cpp(10,64): warning C4305: 'argument': truncation from 'double' to 'float'
  Scene.cpp
C:\Users\Ben\Documents\MultiMouse\MultiMouse\FuncTimer.h(2,10): warning C4067: unexpected tokens following preprocessor directive - expected a newline
C:\Users\Ben\Documents\MultiMouse\MultiMouse\Scene.cpp(85,20): warning C4018: '<': signed/unsigned mismatch
  Source.cpp
C:\Users\Ben\Documents\MultiMouse\MultiMouse\FuncTimer.h(2,10): warning C4067: unexpected tokens following preprocessor directive - expected a newline
  UIManager.cpp
C:\Users\Ben\Documents\MultiMouse\MultiMouse\UIManager.cpp(20,20): warning C4018: '<': signed/unsigned mismatch
C:\Users\Ben\Documents\MultiMouse\MultiMouse\UIManager.cpp(40,20): warning C4018: '<': signed/unsigned mismatch
C:\Users\Ben\Documents\MultiMouse\MultiMouse\UIManager.cpp(48,11): warning C4244: 'initializing': conversion from 'double' to 'int', possible loss of data
C:\Users\Ben\Documents\MultiMouse\MultiMouse\UIManager.cpp(49,11): warning C4244: 'initializing': conversion from 'float' to 'int', possible loss of data
  Generating Code...
  MultiMouse.vcxproj -> C:\Users\Ben\Documents\MultiMouse\Debug\MultiMouse.exe
