  CollisionManager.cpp
C:\Users\Ben\Documents\MultiMouse\MultiMouse\CollisionManager.cpp(65,20): warning C4018: '<': signed/unsigned mismatch
C:\Users\Ben\Documents\MultiMouse\MultiMouse\CollisionManager.cpp(106,21): warning C4018: '<': signed/unsigned mismatch
C:\Users\Ben\Documents\MultiMouse\MultiMouse\CollisionManager.cpp(172,29): warning C4018: '<': signed/unsigned mismatch
C:\Users\Ben\Documents\MultiMouse\MultiMouse\CollisionManager.cpp(239,20): warning C4018: '<': signed/unsigned mismatch
  DebugLevel.cpp
C:\Users\Ben\Documents\MultiMouse\MultiMouse\FuncTimer.h(2,10): warning C4067: unexpected tokens following preprocessor directive - expected a newline
  DodgebalLevel.cpp
C:\Users\Ben\Documents\MultiMouse\MultiMouse\FuncTimer.h(2,10): warning C4067: unexpected tokens following preprocessor directive - expected a newline
C:\Users\Ben\Documents\MultiMouse\MultiMouse\DodgebalLevel.cpp(43,20): warning C4018: '<': signed/unsigned mismatch
C:\Users\Ben\Documents\MultiMouse\MultiMouse\DodgebalLevel.cpp(48,20): warning C4018: '<': signed/unsigned mismatch
  FuncTimer.cpp
C:\Users\Ben\Documents\MultiMouse\MultiMouse\FuncTimer.h(2,10): warning C4067: unexpected tokens following preprocessor directive - expected a newline
  FuncTimerFunctions.cpp
C:\Users\Ben\Documents\MultiMouse\MultiMouse\FuncTimer.h(2,10): warning C4067: unexpected tokens following preprocessor directive - expected a newline
C:\Users\Ben\Documents\MultiMouse\MultiMouse\FuncTimerFunctions.cpp(43,20): warning C4018: '<': signed/unsigned mismatch
C:\Users\Ben\Documents\MultiMouse\MultiMouse\FuncTimerFunctions.cpp(52,20): warning C4018: '<': signed/unsigned mismatch
  JugglingLevel.cpp
C:\Users\Ben\Documents\MultiMouse\MultiMouse\FuncTimer.h(2,10): warning C4067: unexpected tokens following preprocessor directive - expected a newline
  KeyboardFunction.cpp
C:\Users\Ben\Documents\MultiMouse\MultiMouse\FuncTimer.h(2,10): warning C4067: unexpected tokens following preprocessor directive - expected a newline
C:\Users\Ben\Documents\MultiMouse\MultiMouse\KeyboardFunction.cpp(22,19): warning C4305: '+=': truncation from 'double' to 'float'
C:\Users\Ben\Documents\MultiMouse\MultiMouse\KeyboardFunction.cpp(27,19): warning C4305: '-=': truncation from 'double' to 'float'
C:\Users\Ben\Documents\MultiMouse\MultiMouse\KeyboardFunction.cpp(31,19): warning C4305: '+=': truncation from 'double' to 'float'
C:\Users\Ben\Documents\MultiMouse\MultiMouse\KeyboardFunction.cpp(36,19): warning C4305: '-=': truncation from 'double' to 'float'
  Level.cpp
C:\Users\Ben\Documents\MultiMouse\MultiMouse\FuncTimer.h(2,10): warning C4067: unexpected tokens following preprocessor directive - expected a newline
C:\Users\Ben\Documents\MultiMouse\MultiMouse\Level.cpp(20,21): warning C4018: '<': signed/unsigned mismatch
  LevelManager.cpp
C:\Users\Ben\Documents\MultiMouse\MultiMouse\FuncTimer.h(2,10): warning C4067: unexpected tokens following preprocessor directive - expected a newline
  LevelSelect.cpp
C:\Users\Ben\Documents\MultiMouse\MultiMouse\FuncTimer.h(2,10): warning C4067: unexpected tokens following preprocessor directive - expected a newline
C:\Users\Ben\Documents\MultiMouse\MultiMouse\LevelSelect.cpp(47,50): warning C4018: '>=': signed/unsigned mismatch
  MouseManager.cpp
C:\Users\Ben\Documents\MultiMouse\MultiMouse\MouseManager.cpp(9,20): warning C4018: '<': signed/unsigned mismatch
C:\Users\Ben\Documents\MultiMouse\MultiMouse\MouseManager.cpp(39,20): warning C4018: '<': signed/unsigned mismatch
C:\Users\Ben\Documents\MultiMouse\MultiMouse\MouseManager.cpp(124,20): warning C4018: '<': signed/unsigned mismatch
C:\Users\Ben\Documents\MultiMouse\MultiMouse\MouseManager.cpp(134,20): warning C4018: '<': signed/unsigned mismatch
C:\Users\Ben\Documents\MultiMouse\MultiMouse\MouseManager.cpp(143,20): warning C4018: '<': signed/unsigned mismatch
C:\Users\Ben\Documents\MultiMouse\MultiMouse\MouseManager.cpp(153,20): warning C4018: '<': signed/unsigned mismatch
C:\Users\Ben\Documents\MultiMouse\MultiMouse\MouseManager.cpp(163,20): warning C4018: '<': signed/unsigned mismatch
  MusicalChairs.cpp
C:\Users\Ben\Documents\MultiMouse\MultiMouse\FuncTimer.h(2,10): warning C4067: unexpected tokens following preprocessor directive - expected a newline
C:\Users\Ben\Documents\MultiMouse\MultiMouse\MusicalChairs.cpp(38,20): warning C4018: '<': signed/unsigned mismatch
C:\Users\Ben\Documents\MultiMouse\MultiMouse\MusicalChairs.cpp(55,21): warning C4018: '<': signed/unsigned mismatch
C:\Users\Ben\Documents\MultiMouse\MultiMouse\MusicalChairs.cpp(57,22): warning C4018: '<': signed/unsigned mismatch
C:\Users\Ben\Documents\MultiMouse\MultiMouse\MusicalChairs.cpp(72,20): warning C4018: '<': signed/unsigned mismatch
  PlayerSelect.cpp
C:\Users\Ben\Documents\MultiMouse\MultiMouse\FuncTimer.h(2,10): warning C4067: unexpected tokens following preprocessor directive - expected a newline
C:\Users\Ben\Documents\MultiMouse\MultiMouse\PlayerSelect.cpp(28,20): warning C4018: '<': signed/unsigned mismatch
C:\Users\Ben\Documents\MultiMouse\MultiMouse\PlayerSelect.cpp(30,31): warning C4018: '<': signed/unsigned mismatch
C:\Users\Ben\Documents\MultiMouse\MultiMouse\PlayerSelect.cpp(38,20): warning C4018: '<': signed/unsigned mismatch
C:\Users\Ben\Documents\MultiMouse\MultiMouse\PlayerSelect.cpp(40,21): warning C4018: '<': signed/unsigned mismatch
  PongLevel.cpp
C:\Users\Ben\Documents\MultiMouse\MultiMouse\FuncTimer.h(2,10): warning C4067: unexpected tokens following preprocessor directive - expected a newline
C:\Users\Ben\Documents\MultiMouse\MultiMouse\PongLevel.cpp(15,64): warning C4305: 'argument': truncation from 'double' to 'float'
  Scene.cpp
C:\Users\Ben\Documents\MultiMouse\MultiMouse\FuncTimer.h(2,10): warning C4067: unexpected tokens following preprocessor directive - expected a newline
C:\Users\Ben\Documents\MultiMouse\MultiMouse\Scene.cpp(85,20): warning C4018: '<': signed/unsigned mismatch
  Source.cpp
C:\Users\Ben\Documents\MultiMouse\MultiMouse\FuncTimer.h(2,10): warning C4067: unexpected tokens following preprocessor directive - expected a newline
  TeamSelect.cpp
C:\Users\Ben\Documents\MultiMouse\MultiMouse\FuncTimer.h(2,10): warning C4067: unexpected tokens following preprocessor directive - expected a newline
C:\Users\Ben\Documents\MultiMouse\MultiMouse\TeamSelect.cpp(25,20): warning C4018: '<': signed/unsigned mismatch
C:\Users\Ben\Documents\MultiMouse\MultiMouse\TeamSelect.cpp(27,31): warning C4018: '<': signed/unsigned mismatch
C:\Users\Ben\Documents\MultiMouse\MultiMouse\TeamSelect.cpp(34,20): warning C4018: '<': signed/unsigned mismatch
C:\Users\Ben\Documents\MultiMouse\MultiMouse\TeamSelect.cpp(37,21): warning C4018: '<': signed/unsigned mismatch
  Generating Code...
  MultiMouse.vcxproj -> C:\Users\Ben\Documents\MultiMouse\Exe\MultiMouse.exe
