c:\users\ben\documents\multimouse\multimouse\x64\debug\vc142.pdb
c:\users\ben\documents\multimouse\multimouse\x64\debug\vc142.idb
c:\users\ben\documents\multimouse\multimouse\x64\debug\label.obj
c:\users\ben\documents\multimouse\multimouse\x64\debug\kinematiccollisionfunctions.obj
c:\users\ben\documents\multimouse\multimouse\x64\debug\gameobject.obj
c:\users\ben\documents\multimouse\multimouse\x64\debug\color.obj
c:\users\ben\documents\multimouse\multimouse\x64\debug\box.obj
c:\users\ben\documents\multimouse\multimouse\x64\debug\barrier.obj
c:\users\ben\documents\multimouse\multimouse\x64\debug\timer.obj
c:\users\ben\documents\multimouse\multimouse\x64\debug\physicsworld.obj
c:\users\ben\documents\multimouse\multimouse\x64\debug\randomhelper.obj
c:\users\ben\documents\multimouse\multimouse\x64\debug\uimanager.obj
c:\users\ben\documents\multimouse\multimouse\x64\debug\combox.obj
c:\users\ben\documents\multimouse\multimouse\x64\debug\polygonphysicsobject.obj
c:\users\ben\documents\multimouse\multimouse\x64\debug\polygonobject.obj
c:\users\ben\documents\multimouse\multimouse\x64\debug\mouse.obj
c:\users\ben\documents\multimouse\multimouse\x64\debug\uidata.obj
c:\users\ben\documents\multimouse\multimouse\x64\debug\multimouse.tlog\cl.command.1.tlog
c:\users\ben\documents\multimouse\multimouse\x64\debug\multimouse.tlog\cl.read.1.tlog
c:\users\ben\documents\multimouse\multimouse\x64\debug\multimouse.tlog\cl.write.1.tlog
