PongLevel.obj : error LNK2001: unresolved external symbol "public: void __cdecl b2Body::SetType(enum b2BodyType)" (?SetType@b2Body@@QEAAXW4b2BodyType@@@Z)
Mouse.obj : error LNK2001: unresolved external symbol "public: void __cdecl b2Body::SetType(enum b2BodyType)" (?SetType@b2Body@@QEAAXW4b2BodyType@@@Z)
ShapeStorage.obj : error LNK2001: unresolved external symbol "public: void __cdecl b2Body::SetType(enum b2BodyType)" (?SetType@b2Body@@QEAAXW4b2BodyType@@@Z)
Box.obj : error LNK2001: unresolved external symbol "public: void __cdecl b2Body::SetType(enum b2BodyType)" (?SetType@b2Body@@QEAAXW4b2BodyType@@@Z)
CollisionManager.obj : error LNK2001: unresolved external symbol "public: void __cdecl b2Body::SetType(enum b2BodyType)" (?SetType@b2Body@@QEAAXW4b2BodyType@@@Z)
FuncTimerFunctions.obj : error LNK2001: unresolved external symbol "public: void __cdecl b2Body::SetType(enum b2BodyType)" (?SetType@b2Body@@QEAAXW4b2BodyType@@@Z)
JugglingLevel.obj : error LNK2001: unresolved external symbol "public: void __cdecl b2Body::SetType(enum b2BodyType)" (?SetType@b2Body@@QEAAXW4b2BodyType@@@Z)
Box.obj : error LNK2001: unresolved external symbol "struct b2Vec2 const b2Vec2_zero" (?b2Vec2_zero@@3Ub2Vec2@@B)
CollisionManager.obj : error LNK2001: unresolved external symbol "struct b2Vec2 const b2Vec2_zero" (?b2Vec2_zero@@3Ub2Vec2@@B)
COMBox.obj : error LNK2001: unresolved external symbol "struct b2Vec2 const b2Vec2_zero" (?b2Vec2_zero@@3Ub2Vec2@@B)
FuncTimer.obj : error LNK2019: unresolved external symbol "public: float __cdecl sf::Time::asSeconds(void)const " (?asSeconds@Time@sf@@QEBAMXZ) referenced in function "public: void __cdecl FuncTimer::update(class Scene *)" (?update@FuncTimer@@QEAAXPEAVScene@@@Z)
Timer.obj : error LNK2001: unresolved external symbol "public: float __cdecl sf::Time::asSeconds(void)const " (?asSeconds@Time@sf@@QEBAMXZ)
FuncTimer.obj : error LNK2019: unresolved external symbol "public: __cdecl sf::Clock::Clock(void)" (??0Clock@sf@@QEAA@XZ) referenced in function "public: void __cdecl FuncTimer::start(void)" (?start@FuncTimer@@QEAAXXZ)
Timer.obj : error LNK2001: unresolved external symbol "public: __cdecl sf::Clock::Clock(void)" (??0Clock@sf@@QEAA@XZ)
FuncTimer.obj : error LNK2019: unresolved external symbol "public: class sf::Time __cdecl sf::Clock::getElapsedTime(void)const " (?getElapsedTime@Clock@sf@@QEBA?AVTime@2@XZ) referenced in function "public: void __cdecl FuncTimer::update(class Scene *)" (?update@FuncTimer@@QEAAXPEAVScene@@@Z)
Timer.obj : error LNK2001: unresolved external symbol "public: class sf::Time __cdecl sf::Clock::getElapsedTime(void)const " (?getElapsedTime@Clock@sf@@QEBA?AVTime@2@XZ)
KeyboardFunction.obj : error LNK2019: unresolved external symbol "public: static bool __cdecl sf::Keyboard::isKeyPressed(enum sf::Keyboard::Key)" (?isKeyPressed@Keyboard@sf@@SA_NW4Key@12@@Z) referenced in function "void __cdecl DebugLevelKeyboard(class Scene *)" (?DebugLevelKeyboard@@YAXPEAVScene@@@Z)
Source.obj : error LNK2001: unresolved external symbol "public: static bool __cdecl sf::Keyboard::isKeyPressed(enum sf::Keyboard::Key)" (?isKeyPressed@Keyboard@sf@@SA_NW4Key@12@@Z)
Label.obj : error LNK2019: unresolved external symbol "public: void __cdecl sf::Transformable::setPosition(float,float)" (?setPosition@Transformable@sf@@QEAAXMM@Z) referenced in function "public: __cdecl Label::Label(class sf::String,int,int,int,class Color,class sf::Font,class Color,class std::basic_string<char,struct std::char_traits<char>,class std::allocator<char> >)" (??0Label@@QEAA@VString@sf@@HHHVColor@@VFont@2@1V?$basic_string@DU?$char_traits@D@std@@V?$allocator@D@2@@std@@@Z)
UIManager.obj : error LNK2001: unresolved external symbol "public: void __cdecl sf::Transformable::setPosition(float,float)" (?setPosition@Transformable@sf@@QEAAXMM@Z)
Label.obj : error LNK2019: unresolved external symbol "public: void __cdecl sf::Transformable::setOrigin(float,float)" (?setOrigin@Transformable@sf@@QEAAXMM@Z) referenced in function "public: __cdecl Label::Label(class sf::String,int,int,int,class Color,class sf::Font,class Color,class std::basic_string<char,struct std::char_traits<char>,class std::allocator<char> >)" (??0Label@@QEAA@VString@sf@@HHHVColor@@VFont@2@1V?$basic_string@DU?$char_traits@D@std@@V?$allocator@D@2@@std@@@Z)
UIManager.obj : error LNK2001: unresolved external symbol "public: void __cdecl sf::Transformable::setOrigin(float,float)" (?setOrigin@Transformable@sf@@QEAAXMM@Z)
Label.obj : error LNK2019: unresolved external symbol "public: __cdecl sf::Color::Color(unsigned char,unsigned char,unsigned char,unsigned char)" (??0Color@sf@@QEAA@EEEE@Z) referenced in function "public: __cdecl Label::Label(class sf::String,int,int,int,class Color,class sf::Font,class Color,class std::basic_string<char,struct std::char_traits<char>,class std::allocator<char> >)" (??0Label@@QEAA@VString@sf@@HHHVColor@@VFont@2@1V?$basic_string@DU?$char_traits@D@std@@V?$allocator@D@2@@std@@@Z)
Label.obj : error LNK2019: unresolved external symbol "public: virtual __cdecl sf::Shape::~Shape(void)" (??1Shape@sf@@UEAA@XZ) referenced in function "public: virtual __cdecl sf::RectangleShape::~RectangleShape(void)" (??1RectangleShape@sf@@UEAA@XZ)
Label.obj : error LNK2019: unresolved external symbol "public: void __cdecl sf::Shape::setFillColor(class sf::Color const &)" (?setFillColor@Shape@sf@@QEAAXAEBVColor@2@@Z) referenced in function "public: virtual void __cdecl Label::draw(class sf::RenderWindow *)" (?draw@Label@@UEAAXPEAVRenderWindow@sf@@@Z)
Label.obj : error LNK2019: unresolved external symbol "public: __cdecl sf::Font::Font(void)" (??0Font@sf@@QEAA@XZ) referenced in function "public: __cdecl Label::Label(class sf::String,int,int,int,class Color,class sf::Font,class Color,class std::basic_string<char,struct std::char_traits<char>,class std::allocator<char> >)" (??0Label@@QEAA@VString@sf@@HHHVColor@@VFont@2@1V?$basic_string@DU?$char_traits@D@std@@V?$allocator@D@2@@std@@@Z)
UIData.obj : error LNK2001: unresolved external symbol "public: __cdecl sf::Font::Font(void)" (??0Font@sf@@QEAA@XZ)
UIManager.obj : error LNK2001: unresolved external symbol "public: __cdecl sf::Font::Font(void)" (??0Font@sf@@QEAA@XZ)
Label.obj : error LNK2019: unresolved external symbol "public: __cdecl sf::Font::~Font(void)" (??1Font@sf@@QEAA@XZ) referenced in function "public: __cdecl Label::Label(class sf::String,int,int,int,class Color,class sf::Font,class Color,class std::basic_string<char,struct std::char_traits<char>,class std::allocator<char> >)" (??0Label@@QEAA@VString@sf@@HHHVColor@@VFont@2@1V?$basic_string@DU?$char_traits@D@std@@V?$allocator@D@2@@std@@@Z)
Timer.obj : error LNK2001: unresolved external symbol "public: __cdecl sf::Font::~Font(void)" (??1Font@sf@@QEAA@XZ)
UIData.obj : error LNK2001: unresolved external symbol "public: __cdecl sf::Font::~Font(void)" (??1Font@sf@@QEAA@XZ)
UIManager.obj : error LNK2001: unresolved external symbol "public: __cdecl sf::Font::~Font(void)" (??1Font@sf@@QEAA@XZ)
Label.obj : error LNK2019: unresolved external symbol "public: class sf::Font & __cdecl sf::Font::operator=(class sf::Font const &)" (??4Font@sf@@QEAAAEAV01@AEBV01@@Z) referenced in function "public: __cdecl Label::Label(class sf::String,int,int,int,class Color,class sf::Font,class Color,class std::basic_string<char,struct std::char_traits<char>,class std::allocator<char> >)" (??0Label@@QEAA@VString@sf@@HHHVColor@@VFont@2@1V?$basic_string@DU?$char_traits@D@std@@V?$allocator@D@2@@std@@@Z)
UIData.obj : error LNK2001: unresolved external symbol "public: class sf::Font & __cdecl sf::Font::operator=(class sf::Font const &)" (??4Font@sf@@QEAAAEAV01@AEBV01@@Z)
Label.obj : error LNK2019: unresolved external symbol "public: __cdecl sf::RectangleShape::RectangleShape(class sf::Vector2<float> const &)" (??0RectangleShape@sf@@QEAA@AEBV?$Vector2@M@1@@Z) referenced in function "public: virtual void __cdecl Label::draw(class sf::RenderWindow *)" (?draw@Label@@UEAAXPEAVRenderWindow@sf@@@Z)
Label.obj : error LNK2019: unresolved external symbol "public: void __cdecl sf::RenderTarget::draw(class sf::Drawable const &,class sf::RenderStates const &)" (?draw@RenderTarget@sf@@QEAAXAEBVDrawable@2@AEBVRenderStates@2@@Z) referenced in function "public: virtual void __cdecl Label::draw(class sf::RenderWindow *)" (?draw@Label@@UEAAXPEAVRenderWindow@sf@@@Z)
UIManager.obj : error LNK2001: unresolved external symbol "public: void __cdecl sf::RenderTarget::draw(class sf::Drawable const &,class sf::RenderStates const &)" (?draw@RenderTarget@sf@@QEAAXAEBVDrawable@2@AEBVRenderStates@2@@Z)
Label.obj : error LNK2019: unresolved external symbol "public: __cdecl sf::Text::Text(void)" (??0Text@sf@@QEAA@XZ) referenced in function "public: __cdecl Label::Label(class sf::String,int,int,int,class Color,class sf::Font,class Color,class std::basic_string<char,struct std::char_traits<char>,class std::allocator<char> >)" (??0Label@@QEAA@VString@sf@@HHHVColor@@VFont@2@1V?$basic_string@DU?$char_traits@D@std@@V?$allocator@D@2@@std@@@Z)
Label.obj : error LNK2019: unresolved external symbol "public: void __cdecl sf::Text::setString(class sf::String const &)" (?setString@Text@sf@@QEAAXAEBVString@2@@Z) referenced in function "public: __cdecl Label::Label(class sf::String,int,int,int,class Color,class sf::Font,class Color,class std::basic_string<char,struct std::char_traits<char>,class std::allocator<char> >)" (??0Label@@QEAA@VString@sf@@HHHVColor@@VFont@2@1V?$basic_string@DU?$char_traits@D@std@@V?$allocator@D@2@@std@@@Z)
Timer.obj : error LNK2001: unresolved external symbol "public: void __cdecl sf::Text::setString(class sf::String const &)" (?setString@Text@sf@@QEAAXAEBVString@2@@Z)
Label.obj : error LNK2019: unresolved external symbol "public: void __cdecl sf::Text::setFont(class sf::Font const &)" (?setFont@Text@sf@@QEAAXAEBVFont@2@@Z) referenced in function "public: __cdecl Label::Label(class sf::String,int,int,int,class Color,class sf::Font,class Color,class std::basic_string<char,struct std::char_traits<char>,class std::allocator<char> >)" (??0Label@@QEAA@VString@sf@@HHHVColor@@VFont@2@1V?$basic_string@DU?$char_traits@D@std@@V?$allocator@D@2@@std@@@Z)
Label.obj : error LNK2019: unresolved external symbol "public: void __cdecl sf::Text::setCharacterSize(unsigned int)" (?setCharacterSize@Text@sf@@QEAAXI@Z) referenced in function "public: __cdecl Label::Label(class sf::String,int,int,int,class Color,class sf::Font,class Color,class std::basic_string<char,struct std::char_traits<char>,class std::allocator<char> >)" (??0Label@@QEAA@VString@sf@@HHHVColor@@VFont@2@1V?$basic_string@DU?$char_traits@D@std@@V?$allocator@D@2@@std@@@Z)
Label.obj : error LNK2019: unresolved external symbol "public: void __cdecl sf::Text::setFillColor(class sf::Color const &)" (?setFillColor@Text@sf@@QEAAXAEBVColor@2@@Z) referenced in function "public: __cdecl Label::Label(class sf::String,int,int,int,class Color,class sf::Font,class Color,class std::basic_string<char,struct std::char_traits<char>,class std::allocator<char> >)" (??0Label@@QEAA@VString@sf@@HHHVColor@@VFont@2@1V?$basic_string@DU?$char_traits@D@std@@V?$allocator@D@2@@std@@@Z)
Label.obj : error LNK2019: unresolved external symbol "public: class sf::Rect<float> __cdecl sf::Text::getLocalBounds(void)const " (?getLocalBounds@Text@sf@@QEBA?AV?$Rect@M@2@XZ) referenced in function "public: __cdecl Label::Label(class sf::String,int,int,int,class Color,class sf::Font,class Color,class std::basic_string<char,struct std::char_traits<char>,class std::allocator<char> >)" (??0Label@@QEAA@VString@sf@@HHHVColor@@VFont@2@1V?$basic_string@DU?$char_traits@D@std@@V?$allocator@D@2@@std@@@Z)
Label.obj : error LNK2001: unresolved external symbol "public: static class sf::RenderStates const sf::RenderStates::Default" (?Default@RenderStates@sf@@2V12@B)
UIManager.obj : error LNK2001: unresolved external symbol "public: static class sf::RenderStates const sf::RenderStates::Default" (?Default@RenderStates@sf@@2V12@B)
Label.obj : error LNK2001: unresolved external symbol "public: static class sf::Color const sf::Color::Black" (?Black@Color@sf@@2V12@B)
UIData.obj : error LNK2001: unresolved external symbol "public: __cdecl sf::String::String(char const *,class std::locale const &)" (??0String@sf@@QEAA@PEBDAEBVlocale@std@@@Z)
UIManager.obj : error LNK2001: unresolved external symbol "public: __cdecl sf::String::String(char const *,class std::locale const &)" (??0String@sf@@QEAA@PEBDAEBVlocale@std@@@Z)
Scene.obj : error LNK2001: unresolved external symbol "public: __cdecl sf::String::String(char const *,class std::locale const &)" (??0String@sf@@QEAA@PEBDAEBVlocale@std@@@Z)
Source.obj : error LNK2001: unresolved external symbol "public: __cdecl sf::String::String(char const *,class std::locale const &)" (??0String@sf@@QEAA@PEBDAEBVlocale@std@@@Z)
TeamSelect.obj : error LNK2001: unresolved external symbol "public: __cdecl sf::String::String(char const *,class std::locale const &)" (??0String@sf@@QEAA@PEBDAEBVlocale@std@@@Z)
Timer.obj : error LNK2001: unresolved external symbol "public: __cdecl sf::String::String(char const *,class std::locale const &)" (??0String@sf@@QEAA@PEBDAEBVlocale@std@@@Z)
LevelSelect.obj : error LNK2001: unresolved external symbol "public: __cdecl sf::String::String(char const *,class std::locale const &)" (??0String@sf@@QEAA@PEBDAEBVlocale@std@@@Z)
MazeLevel.obj : error LNK2001: unresolved external symbol "public: __cdecl sf::String::String(char const *,class std::locale const &)" (??0String@sf@@QEAA@PEBDAEBVlocale@std@@@Z)
PlayerSelect.obj : error LNK2001: unresolved external symbol "public: __cdecl sf::String::String(char const *,class std::locale const &)" (??0String@sf@@QEAA@PEBDAEBVlocale@std@@@Z)
PongLevel.obj : error LNK2001: unresolved external symbol "public: __cdecl sf::String::String(char const *,class std::locale const &)" (??0String@sf@@QEAA@PEBDAEBVlocale@std@@@Z)
PongLevel.obj : error LNK2019: unresolved external symbol "public: void __cdecl b2World::SetContactListener(class b2ContactListener *)" (?SetContactListener@b2World@@QEAAXPEAVb2ContactListener@@@Z) referenced in function "public: __cdecl PongLevel::PongLevel(void)" (??0PongLevel@@QEAA@XZ)
PongLevel.obj : error LNK2019: unresolved external symbol "public: __cdecl sf::String::String(void)" (??0String@sf@@QEAA@XZ) referenced in function "public: virtual void __cdecl PongLevel::update(void)" (?update@PongLevel@@UEAAXXZ)
PongLevel.obj : error LNK2019: unresolved external symbol "public: __cdecl sf::String::operator class std::basic_string<char,struct std::char_traits<char>,class std::allocator<char> >(void)const " (??BString@sf@@QEBA?AV?$basic_string@DU?$char_traits@D@std@@V?$allocator@D@2@@std@@XZ) referenced in function "public: virtual void __cdecl PongLevel::update(void)" (?update@PongLevel@@UEAAXXZ)
Scene.obj : error LNK2001: unresolved external symbol "public: __cdecl sf::String::operator class std::basic_string<char,struct std::char_traits<char>,class std::allocator<char> >(void)const " (??BString@sf@@QEBA?AV?$basic_string@DU?$char_traits@D@std@@V?$allocator@D@2@@std@@XZ)
UIData.obj : error LNK2001: unresolved external symbol "public: __cdecl sf::String::operator class std::basic_string<char,struct std::char_traits<char>,class std::allocator<char> >(void)const " (??BString@sf@@QEBA?AV?$basic_string@DU?$char_traits@D@std@@V?$allocator@D@2@@std@@XZ)
UIManager.obj : error LNK2001: unresolved external symbol "public: __cdecl sf::String::operator class std::basic_string<char,struct std::char_traits<char>,class std::allocator<char> >(void)const " (??BString@sf@@QEBA?AV?$basic_string@DU?$char_traits@D@std@@V?$allocator@D@2@@std@@XZ)
PongLevel.obj : error LNK2019: unresolved external symbol "public: class sf::String & __cdecl sf::String::operator=(class sf::String const &)" (??4String@sf@@QEAAAEAV01@AEBV01@@Z) referenced in function "public: virtual void __cdecl PongLevel::update(void)" (?update@PongLevel@@UEAAXXZ)
PongLevel.obj : error LNK2019: unresolved external symbol "class sf::String __cdecl sf::operator+(class sf::String const &,class sf::String const &)" (??Hsf@@YA?AVString@0@AEBV10@0@Z) referenced in function "public: virtual void __cdecl PongLevel::update(void)" (?update@PongLevel@@UEAAXXZ)
UIData.obj : error LNK2001: unresolved external symbol "class sf::String __cdecl sf::operator+(class sf::String const &,class sf::String const &)" (??Hsf@@YA?AVString@0@AEBV10@0@Z)
Scene.obj : error LNK2019: unresolved external symbol "public: __cdecl sf::String::String(class std::basic_string<char,struct std::char_traits<char>,class std::allocator<char> > const &,class std::locale const &)" (??0String@sf@@QEAA@AEBV?$basic_string@DU?$char_traits@D@std@@V?$allocator@D@2@@std@@AEBVlocale@3@@Z) referenced in function "public: void __cdecl Scene::buildInstructionScene(class std::basic_string<char,struct std::char_traits<char>,class std::allocator<char> >,class std::basic_string<char,struct std::char_traits<char>,class std::allocator<char> >,class std::basic_string<char,struct std::char_traits<char>,class std::allocator<char> >)" (?buildInstructionScene@Scene@@QEAAXV?$basic_string@DU?$char_traits@D@std@@V?$allocator@D@2@@std@@00@Z)
Timer.obj : error LNK2001: unresolved external symbol "public: __cdecl sf::String::String(class std::basic_string<char,struct std::char_traits<char>,class std::allocator<char> > const &,class std::locale const &)" (??0String@sf@@QEAA@AEBV?$basic_string@DU?$char_traits@D@std@@V?$allocator@D@2@@std@@AEBVlocale@3@@Z)
UIManager.obj : error LNK2001: unresolved external symbol "public: __cdecl sf::String::String(class std::basic_string<char,struct std::char_traits<char>,class std::allocator<char> > const &,class std::locale const &)" (??0String@sf@@QEAA@AEBV?$basic_string@DU?$char_traits@D@std@@V?$allocator@D@2@@std@@AEBVlocale@3@@Z)
PhysicsWorld.obj : error LNK2019: unresolved external symbol "public: class b2Fixture * __cdecl b2Body::CreateFixture(struct b2FixtureDef const *)" (?CreateFixture@b2Body@@QEAAPEAVb2Fixture@@PEBUb2FixtureDef@@@Z) referenced in function "public: class Box * __cdecl PhysicsWorld::AddBox(float,float,float,class Color,float,float,float,float,float,class std::basic_string<char,struct std::char_traits<char>,class std::allocator<char> >)" (?AddBox@PhysicsWorld@@QEAAPEAVBox@@MMMVColor@@MMMMMV?$basic_string@DU?$char_traits@D@std@@V?$allocator@D@2@@std@@@Z)
ShapeStorage.obj : error LNK2001: unresolved external symbol "public: class b2Fixture * __cdecl b2Body::CreateFixture(struct b2FixtureDef const *)" (?CreateFixture@b2Body@@QEAAPEAVb2Fixture@@PEBUb2FixtureDef@@@Z)
PhysicsWorld.obj : error LNK2019: unresolved external symbol "public: class b2Fixture * __cdecl b2Body::CreateFixture(class b2Shape const *,float)" (?CreateFixture@b2Body@@QEAAPEAVb2Fixture@@PEBVb2Shape@@M@Z) referenced in function "public: class Barrier * __cdecl PhysicsWorld::AddRectBarrier(float,float,float,float,float,class std::basic_string<char,struct std::char_traits<char>,class std::allocator<char> >)" (?AddRectBarrier@PhysicsWorld@@QEAAPEAVBarrier@@MMMMMV?$basic_string@DU?$char_traits@D@std@@V?$allocator@D@2@@std@@@Z)
ShapeStorage.obj : error LNK2001: unresolved external symbol "public: class b2Fixture * __cdecl b2Body::CreateFixture(class b2Shape const *,float)" (?CreateFixture@b2Body@@QEAAPEAVb2Fixture@@PEBVb2Shape@@M@Z)
PhysicsWorld.obj : error LNK2019: unresolved external symbol "public: __cdecl b2World::b2World(struct b2Vec2 const &)" (??0b2World@@QEAA@AEBUb2Vec2@@@Z) referenced in function "public: __cdecl PhysicsWorld::PhysicsWorld(struct b2Vec2)" (??0PhysicsWorld@@QEAA@Ub2Vec2@@@Z)
ShapeStorage.obj : error LNK2001: unresolved external symbol "public: __cdecl b2World::b2World(struct b2Vec2 const &)" (??0b2World@@QEAA@AEBUb2Vec2@@@Z)
PhysicsWorld.obj : error LNK2019: unresolved external symbol "public: __cdecl b2World::~b2World(void)" (??1b2World@@QEAA@XZ) referenced in function "public: void * __cdecl b2World::`scalar deleting destructor'(unsigned int)" (??_Gb2World@@QEAAPEAXI@Z)
ShapeStorage.obj : error LNK2001: unresolved external symbol "public: __cdecl b2World::~b2World(void)" (??1b2World@@QEAA@XZ)
PhysicsWorld.obj : error LNK2019: unresolved external symbol "public: class b2Body * __cdecl b2World::CreateBody(struct b2BodyDef const *)" (?CreateBody@b2World@@QEAAPEAVb2Body@@PEBUb2BodyDef@@@Z) referenced in function "public: class Box * __cdecl PhysicsWorld::AddBox(float,float,float,class Color,float,float,float,float,float,class std::basic_string<char,struct std::char_traits<char>,class std::allocator<char> >)" (?AddBox@PhysicsWorld@@QEAAPEAVBox@@MMMVColor@@MMMMMV?$basic_string@DU?$char_traits@D@std@@V?$allocator@D@2@@std@@@Z)
ShapeStorage.obj : error LNK2001: unresolved external symbol "public: class b2Body * __cdecl b2World::CreateBody(struct b2BodyDef const *)" (?CreateBody@b2World@@QEAAPEAVb2Body@@PEBUb2BodyDef@@@Z)
PhysicsWorld.obj : error LNK2019: unresolved external symbol "public: void __cdecl b2World::DestroyBody(class b2Body *)" (?DestroyBody@b2World@@QEAAXPEAVb2Body@@@Z) referenced in function "public: void __cdecl PhysicsWorld::deleteObject(int)" (?deleteObject@PhysicsWorld@@QEAAXH@Z)
ShapeStorage.obj : error LNK2001: unresolved external symbol "public: void __cdecl b2World::DestroyBody(class b2Body *)" (?DestroyBody@b2World@@QEAAXPEAVb2Body@@@Z)
PhysicsWorld.obj : error LNK2019: unresolved external symbol "public: void __cdecl b2World::Step(float,int,int)" (?Step@b2World@@QEAAXMHH@Z) referenced in function "public: void __cdecl PhysicsWorld::Update(void)" (?Update@PhysicsWorld@@QEAAXXZ)
ShapeManager.obj : error LNK2001: unresolved external symbol "public: void __cdecl b2World::Step(float,int,int)" (?Step@b2World@@QEAAXMHH@Z)
PolygonObject.obj : error LNK2001: unresolved external symbol "public: virtual class b2Shape * __cdecl b2PolygonShape::Clone(class b2BlockAllocator *)const " (?Clone@b2PolygonShape@@UEBAPEAVb2Shape@@PEAVb2BlockAllocator@@@Z)
PolygonObject.obj : error LNK2001: unresolved external symbol "public: virtual int __cdecl b2PolygonShape::GetChildCount(void)const " (?GetChildCount@b2PolygonShape@@UEBAHXZ)
PolygonObject.obj : error LNK2019: unresolved external symbol "public: void __cdecl b2PolygonShape::Set(struct b2Vec2 const *,int)" (?Set@b2PolygonShape@@QEAAXPEBUb2Vec2@@H@Z) referenced in function "public: void __cdecl PolygonObject::setShape(void)" (?setShape@PolygonObject@@QEAAXXZ)
PolygonObject.obj : error LNK2001: unresolved external symbol "public: virtual bool __cdecl b2PolygonShape::TestPoint(struct b2Transform const &,struct b2Vec2 const &)const " (?TestPoint@b2PolygonShape@@UEBA_NAEBUb2Transform@@AEBUb2Vec2@@@Z)
PolygonObject.obj : error LNK2001: unresolved external symbol "public: virtual bool __cdecl b2PolygonShape::RayCast(struct b2RayCastOutput *,struct b2RayCastInput const &,struct b2Transform const &,int)const " (?RayCast@b2PolygonShape@@UEBA_NPEAUb2RayCastOutput@@AEBUb2RayCastInput@@AEBUb2Transform@@H@Z)
PolygonObject.obj : error LNK2001: unresolved external symbol "public: virtual void __cdecl b2PolygonShape::ComputeAABB(struct b2AABB *,struct b2Transform const &,int)const " (?ComputeAABB@b2PolygonShape@@UEBAXPEAUb2AABB@@AEBUb2Transform@@H@Z)
PolygonObject.obj : error LNK2001: unresolved external symbol "public: virtual void __cdecl b2PolygonShape::ComputeMass(struct b2MassData *,float)const " (?ComputeMass@b2PolygonShape@@UEBAXPEAUb2MassData@@M@Z)
Source.obj : error LNK2019: unresolved external symbol "public: static void __cdecl sf::Mouse::setPosition(class sf::Vector2<int> const &)" (?setPosition@Mouse@sf@@SAXAEBV?$Vector2@H@2@@Z) referenced in function main
Source.obj : error LNK2019: unresolved external symbol "public: static class std::vector<class sf::VideoMode,class std::allocator<class sf::VideoMode> > const & __cdecl sf::VideoMode::getFullscreenModes(void)" (?getFullscreenModes@VideoMode@sf@@SAAEBV?$vector@VVideoMode@sf@@V?$allocator@VVideoMode@sf@@@std@@@std@@XZ) referenced in function main
Source.obj : error LNK2019: unresolved external symbol "public: bool __cdecl sf::Window::pollEvent(class sf::Event &)" (?pollEvent@Window@sf@@QEAA_NAEAVEvent@2@@Z) referenced in function main
Source.obj : error LNK2019: unresolved external symbol "public: void __cdecl sf::Window::setVerticalSyncEnabled(bool)" (?setVerticalSyncEnabled@Window@sf@@QEAAX_N@Z) referenced in function main
Source.obj : error LNK2019: unresolved external symbol "public: void __cdecl sf::Window::setMouseCursorVisible(bool)" (?setMouseCursorVisible@Window@sf@@QEAAX_N@Z) referenced in function main
Source.obj : error LNK2019: unresolved external symbol "public: void __cdecl sf::Window::display(void)" (?display@Window@sf@@QEAAXXZ) referenced in function main
Source.obj : error LNK2019: unresolved external symbol "public: __cdecl sf::Image::~Image(void)" (??1Image@sf@@QEAA@XZ) referenced in function main
UIData.obj : error LNK2001: unresolved external symbol "public: __cdecl sf::Image::~Image(void)" (??1Image@sf@@QEAA@XZ)
Source.obj : error LNK2019: unresolved external symbol "public: bool __cdecl sf::Image::saveToFile(class std::basic_string<char,struct std::char_traits<char>,class std::allocator<char> > const &)const " (?saveToFile@Image@sf@@QEBA_NAEBV?$basic_string@DU?$char_traits@D@std@@V?$allocator@D@2@@std@@@Z) referenced in function main
Source.obj : error LNK2019: unresolved external symbol "public: __cdecl sf::Texture::Texture(void)" (??0Texture@sf@@QEAA@XZ) referenced in function main
UIData.obj : error LNK2001: unresolved external symbol "public: __cdecl sf::Texture::Texture(void)" (??0Texture@sf@@QEAA@XZ)
Source.obj : error LNK2019: unresolved external symbol "public: __cdecl sf::Texture::~Texture(void)" (??1Texture@sf@@QEAA@XZ) referenced in function main
Source.obj : error LNK2019: unresolved external symbol "public: bool __cdecl sf::Texture::create(unsigned int,unsigned int)" (?create@Texture@sf@@QEAA_NII@Z) referenced in function main
Source.obj : error LNK2019: unresolved external symbol "public: class sf::Image __cdecl sf::Texture::copyToImage(void)const " (?copyToImage@Texture@sf@@QEBA?AVImage@2@XZ) referenced in function main
Source.obj : error LNK2019: unresolved external symbol "public: void __cdecl sf::Texture::update(class sf::Window const &)" (?update@Texture@sf@@QEAAXAEBVWindow@2@@Z) referenced in function main
Source.obj : error LNK2019: unresolved external symbol "public: __cdecl sf::RenderWindow::RenderWindow(class sf::VideoMode,class sf::String const &,unsigned int,struct sf::ContextSettings const &)" (??0RenderWindow@sf@@QEAA@VVideoMode@1@AEBVString@1@IAEBUContextSettings@1@@Z) referenced in function main
Source.obj : error LNK2019: unresolved external symbol "public: virtual __cdecl sf::RenderWindow::~RenderWindow(void)" (??1RenderWindow@sf@@UEAA@XZ) referenced in function main
Source.obj : error LNK2019: unresolved external symbol "public: virtual class sf::Vector2<unsigned int> __cdecl sf::RenderWindow::getSize(void)const " (?getSize@RenderWindow@sf@@UEBA?AV?$Vector2@I@2@XZ) referenced in function main
Source.obj : error LNK2019: unresolved external symbol "public: virtual bool __cdecl sf::RenderWindow::setActive(bool)" (?setActive@RenderWindow@sf@@UEAA_N_N@Z) referenced in function main
Timer.obj : error LNK2019: unresolved external symbol "public: __cdecl sf::Time::Time(void)" (??0Time@sf@@QEAA@XZ) referenced in function "public: __cdecl Timer::Timer(float,int,int,int,class Color,class sf::Font,class Color,class std::basic_string<char,struct std::char_traits<char>,class std::allocator<char> >)" (??0Timer@@QEAA@MHHHVColor@@VFont@sf@@0V?$basic_string@DU?$char_traits@D@std@@V?$allocator@D@2@@std@@@Z)
Timer.obj : error LNK2019: unresolved external symbol "class sf::Time __cdecl sf::seconds(float)" (?seconds@sf@@YA?AVTime@1@M@Z) referenced in function "public: __cdecl Timer::Timer(float,int,int,int,class Color,class sf::Font,class Color,class std::basic_string<char,struct std::char_traits<char>,class std::allocator<char> >)" (??0Timer@@QEAA@MHHHVColor@@VFont@sf@@0V?$basic_string@DU?$char_traits@D@std@@V?$allocator@D@2@@std@@@Z)
Timer.obj : error LNK2019: unresolved external symbol "class sf::Time __cdecl sf::operator-(class sf::Time,class sf::Time)" (??Gsf@@YA?AVTime@0@V10@0@Z) referenced in function "public: virtual void __cdecl Timer::draw(class sf::RenderWindow *)" (?draw@Timer@@UEAAXPEAVRenderWindow@sf@@@Z)
Timer.obj : error LNK2019: unresolved external symbol "public: __cdecl sf::Font::Font(class sf::Font const &)" (??0Font@sf@@QEAA@AEBV01@@Z) referenced in function "public: __cdecl Timer::Timer(float,int,int,int,class Color,class sf::Font,class Color,class std::basic_string<char,struct std::char_traits<char>,class std::allocator<char> >)" (??0Timer@@QEAA@MHHHVColor@@VFont@sf@@0V?$basic_string@DU?$char_traits@D@std@@V?$allocator@D@2@@std@@@Z)
UIManager.obj : error LNK2001: unresolved external symbol "public: __cdecl sf::Font::Font(class sf::Font const &)" (??0Font@sf@@QEAA@AEBV01@@Z)
UIData.obj : error LNK2019: unresolved external symbol "public: __cdecl sf::String::String(class sf::String const &)" (??0String@sf@@QEAA@AEBV01@@Z) referenced in function "public: __cdecl std::pair<class sf::String const ,class sf::Texture *>::pair<class sf::String const ,class sf::Texture *><class std::tuple<class sf::String &&>,class std::tuple<>,0>(class std::tuple<class sf::String &&> &,class std::tuple<> &,struct std::integer_sequence<unsigned __int64,0>,struct std::integer_sequence<unsigned __int64>)" (??$?0V?$tuple@$$QEAVString@sf@@@std@@V?$tuple@$$V@1@$0A@$$Z$S@?$pair@$$CBVString@sf@@PEAVTexture@2@@std@@QEAA@AEAV?$tuple@$$QEAVString@sf@@@1@AEAV?$tuple@$$V@1@U?$integer_sequence@_K$0A@@1@U?$integer_sequence@_K$S@1@@Z)
UIManager.obj : error LNK2001: unresolved external symbol "public: __cdecl sf::String::String(class sf::String const &)" (??0String@sf@@QEAA@AEBV01@@Z)
UIData.obj : error LNK2019: unresolved external symbol "bool __cdecl sf::operator<(class sf::String const &,class sf::String const &)" (??Msf@@YA_NAEBVString@0@0@Z) referenced in function "public: bool __cdecl std::less<class sf::String>::operator()(class sf::String const &,class sf::String const &)const " (??R?$less@VString@sf@@@std@@QEBA_NAEBVString@sf@@0@Z)
UIManager.obj : error LNK2001: unresolved external symbol "bool __cdecl sf::operator<(class sf::String const &,class sf::String const &)" (??Msf@@YA_NAEBVString@0@0@Z)
UIData.obj : error LNK2019: unresolved external symbol "public: __cdecl sf::Image::Image(void)" (??0Image@sf@@QEAA@XZ) referenced in function "private: __cdecl UIData::UIData(void)" (??0UIData@@AEAA@XZ)
UIData.obj : error LNK2019: unresolved external symbol "public: bool __cdecl sf::Image::loadFromFile(class std::basic_string<char,struct std::char_traits<char>,class std::allocator<char> > const &)" (?loadFromFile@Image@sf@@QEAA_NAEBV?$basic_string@DU?$char_traits@D@std@@V?$allocator@D@2@@std@@@Z) referenced in function "private: __cdecl UIData::UIData(void)" (??0UIData@@AEAA@XZ)
UIData.obj : error LNK2019: unresolved external symbol "public: bool __cdecl sf::Texture::loadFromImage(class sf::Image const &,class sf::Rect<int> const &)" (?loadFromImage@Texture@sf@@QEAA_NAEBVImage@2@AEBV?$Rect@H@2@@Z) referenced in function "private: __cdecl UIData::UIData(void)" (??0UIData@@AEAA@XZ)
UIData.obj : error LNK2019: unresolved external symbol "public: bool __cdecl sf::Font::loadFromFile(class std::basic_string<char,struct std::char_traits<char>,class std::allocator<char> > const &)" (?loadFromFile@Font@sf@@QEAA_NAEBV?$basic_string@DU?$char_traits@D@std@@V?$allocator@D@2@@std@@@Z) referenced in function "private: __cdecl UIData::UIData(void)" (??0UIData@@AEAA@XZ)
UIManager.obj : error LNK2019: unresolved external symbol "public: class std::_String_iterator<class std::_String_val<struct std::_Simple_types<unsigned int> > > __cdecl sf::String::begin(void)" (?begin@String@sf@@QEAA?AV?$_String_iterator@V?$_String_val@U?$_Simple_types@I@std@@@std@@@std@@XZ) referenced in function "public: float __cdecl UIManager::getWidthOfText(class sf::String,int,class sf::String)" (?getWidthOfText@UIManager@@QEAAMVString@sf@@H0@Z)
UIManager.obj : error LNK2019: unresolved external symbol "public: class std::_String_iterator<class std::_String_val<struct std::_Simple_types<unsigned int> > > __cdecl sf::String::end(void)" (?end@String@sf@@QEAA?AV?$_String_iterator@V?$_String_val@U?$_Simple_types@I@std@@@std@@@std@@XZ) referenced in function "public: float __cdecl UIManager::getWidthOfText(class sf::String,int,class sf::String)" (?getWidthOfText@UIManager@@QEAAMVString@sf@@H0@Z)
UIManager.obj : error LNK2019: unresolved external symbol "public: static class sf::VideoMode __cdecl sf::VideoMode::getDesktopMode(void)" (?getDesktopMode@VideoMode@sf@@SA?AV12@XZ) referenced in function "public: __cdecl UIManager::UIManager(void)" (??0UIManager@@QEAA@XZ)
UIManager.obj : error LNK2019: unresolved external symbol "public: void __cdecl sf::Transformable::setScale(float,float)" (?setScale@Transformable@sf@@QEAAXMM@Z) referenced in function "public: class sf::Sprite * __cdecl UIManager::buildSprite(class sf::String,float,float,float,float)" (?buildSprite@UIManager@@QEAAPEAVSprite@sf@@VString@3@MMMM@Z)
UIManager.obj : error LNK2019: unresolved external symbol "public: class sf::Glyph const & __cdecl sf::Font::getGlyph(unsigned int,unsigned int,bool,float)const " (?getGlyph@Font@sf@@QEBAAEBVGlyph@2@II_NM@Z) referenced in function "public: float __cdecl UIManager::getWidthOfText(class sf::String,int,class sf::String)" (?getWidthOfText@UIManager@@QEAAMVString@sf@@H0@Z)
UIManager.obj : error LNK2019: unresolved external symbol "public: float __cdecl sf::Font::getKerning(unsigned int,unsigned int,unsigned int)const " (?getKerning@Font@sf@@QEBAMIII@Z) referenced in function "public: float __cdecl UIManager::getWidthOfText(class sf::String,int,class sf::String)" (?getWidthOfText@UIManager@@QEAAMVString@sf@@H0@Z)
UIManager.obj : error LNK2019: unresolved external symbol "public: void __cdecl sf::RenderTarget::pushGLStates(void)" (?pushGLStates@RenderTarget@sf@@QEAAXXZ) referenced in function "public: void __cdecl UIManager::draw(class sf::RenderWindow *)" (?draw@UIManager@@QEAAXPEAVRenderWindow@sf@@@Z)
UIManager.obj : error LNK2019: unresolved external symbol "public: void __cdecl sf::RenderTarget::popGLStates(void)" (?popGLStates@RenderTarget@sf@@QEAAXXZ) referenced in function "public: void __cdecl UIManager::draw(class sf::RenderWindow *)" (?draw@UIManager@@QEAAXPEAVRenderWindow@sf@@@Z)
UIManager.obj : error LNK2019: unresolved external symbol "public: void __cdecl sf::RenderTarget::resetGLStates(void)" (?resetGLStates@RenderTarget@sf@@QEAAXXZ) referenced in function "public: void __cdecl UIManager::draw(class sf::RenderWindow *)" (?draw@UIManager@@QEAAXPEAVRenderWindow@sf@@@Z)
UIManager.obj : error LNK2019: unresolved external symbol "public: __cdecl sf::Sprite::Sprite(void)" (??0Sprite@sf@@QEAA@XZ) referenced in function "public: class sf::Sprite * __cdecl UIManager::buildSprite(class sf::String,float,float,float,float)" (?buildSprite@UIManager@@QEAAPEAVSprite@sf@@VString@3@MMMM@Z)
UIManager.obj : error LNK2019: unresolved external symbol "public: void __cdecl sf::Sprite::setTexture(class sf::Texture const &,bool)" (?setTexture@Sprite@sf@@QEAAXAEBVTexture@2@_N@Z) referenced in function "public: class sf::Sprite * __cdecl UIManager::buildSprite(class sf::String,float,float,float,float)" (?buildSprite@UIManager@@QEAAPEAVSprite@sf@@VString@3@MMMM@Z)
UIManager.obj : error LNK2019: unresolved external symbol "public: class sf::Rect<int> const & __cdecl sf::Sprite::getTextureRect(void)const " (?getTextureRect@Sprite@sf@@QEBAAEBV?$Rect@H@2@XZ) referenced in function "public: class sf::Sprite * __cdecl UIManager::buildSprite(class sf::String,float,float,float,float)" (?buildSprite@UIManager@@QEAAPEAVSprite@sf@@VString@3@MMMM@Z)
UIManager.obj : error LNK2019: unresolved external symbol "public: class sf::Rect<float> __cdecl sf::Sprite::getLocalBounds(void)const " (?getLocalBounds@Sprite@sf@@QEBA?AV?$Rect@M@2@XZ) referenced in function "public: class sf::Sprite * __cdecl UIManager::buildSprite(class sf::String,float,float,float,float)" (?buildSprite@UIManager@@QEAAPEAVSprite@sf@@VString@3@MMMM@Z)
C:\Users\Ben\Documents\MyLib\lib\x32\glew32.lib : warning LNK4272: library machine type 'x86' conflicts with target machine type 'x64'
C:\Users\Ben\Documents\MyLib\lib\x32\freeglut.lib : warning LNK4272: library machine type 'x86' conflicts with target machine type 'x64'
C:\Users\Ben\Documents\MultiMouse\x64\Debug\MultiMouse.exe : fatal error LNK1120: 85 unresolved externals
