  Barrier.cpp
C:\Users\Ben\Documents\MultiMouse\MultiMouse\GameObject.h(2,10): fatal error C1083: Cannot open include file: 'Box2D/Box2D.h': No such file or directory
  Box.cpp
C:\Users\Ben\Documents\MultiMouse\MultiMouse\GameObject.h(2,10): fatal error C1083: Cannot open include file: 'Box2D/Box2D.h': No such file or directory
  CollisionManager.cpp
C:\Users\Ben\Documents\MultiMouse\MultiMouse\GameObject.h(2,10): fatal error C1083: Cannot open include file: 'Box2D/Box2D.h': No such file or directory
  Color.cpp
  DebugLevel.cpp
C:\Users\Ben\Documents\MultiMouse\MultiMouse\GameObject.h(2,10): fatal error C1083: Cannot open include file: 'Box2D/Box2D.h': No such file or directory
  DodgebalLevel.cpp
C:\Users\Ben\Documents\MultiMouse\MultiMouse\GameObject.h(2,10): fatal error C1083: Cannot open include file: 'Box2D/Box2D.h': No such file or directory
  FuncTimer.cpp
C:\Users\Ben\Documents\MultiMouse\MultiMouse\FuncTimer.h(2,10): warning C4067: unexpected tokens following preprocessor directive - expected a newline
C:\Users\Ben\Documents\MultiMouse\MultiMouse\GameObject.h(2,10): fatal error C1083: Cannot open include file: 'Box2D/Box2D.h': No such file or directory
  FuncTimerFunctions.cpp
C:\Users\Ben\Documents\MultiMouse\MultiMouse\GameObject.h(2,10): fatal error C1083: Cannot open include file: 'Box2D/Box2D.h': No such file or directory
  GameObject.cpp
C:\Users\Ben\Documents\MultiMouse\MultiMouse\GameObject.h(2,10): fatal error C1083: Cannot open include file: 'Box2D/Box2D.h': No such file or directory
  Goal.cpp
C:\Users\Ben\Documents\MultiMouse\MultiMouse\GameObject.h(2,10): fatal error C1083: Cannot open include file: 'Box2D/Box2D.h': No such file or directory
  JugglingLevel.cpp
C:\Users\Ben\Documents\MultiMouse\MultiMouse\GameObject.h(2,10): fatal error C1083: Cannot open include file: 'Box2D/Box2D.h': No such file or directory
  KeyboardFunction.cpp
C:\Users\Ben\Documents\MultiMouse\MultiMouse\GameObject.h(2,10): fatal error C1083: Cannot open include file: 'Box2D/Box2D.h': No such file or directory
  KinematicCollisionFunctions.cpp
C:\Users\Ben\Documents\MultiMouse\MultiMouse\KinematicCollisionFunctions.h(2,10): warning C4067: unexpected tokens following preprocessor directive - expected a newline
C:\Users\Ben\Documents\MultiMouse\MultiMouse\GameObject.h(2,10): fatal error C1083: Cannot open include file: 'Box2D/Box2D.h': No such file or directory
  Label.cpp
C:\Users\Ben\Documents\MultiMouse\MultiMouse\Label.h(4,10): fatal error C1083: Cannot open include file: 'SFML/Graphics.hpp': No such file or directory
  Level.cpp
C:\Users\Ben\Documents\MultiMouse\MultiMouse\GameObject.h(2,10): fatal error C1083: Cannot open include file: 'Box2D/Box2D.h': No such file or directory
  LevelButton.cpp
C:\Users\Ben\Documents\MultiMouse\MultiMouse\GameObject.h(2,10): fatal error C1083: Cannot open include file: 'Box2D/Box2D.h': No such file or directory
  LevelSelect.cpp
C:\Users\Ben\Documents\MultiMouse\MultiMouse\GameObject.h(2,10): fatal error C1083: Cannot open include file: 'Box2D/Box2D.h': No such file or directory
  MouseAssignmentButton.cpp
C:\Users\Ben\Documents\MultiMouse\MultiMouse\GameObject.h(2,10): fatal error C1083: Cannot open include file: 'Box2D/Box2D.h': No such file or directory
  MouseCage.cpp
C:\Users\Ben\Documents\MultiMouse\MultiMouse\GameObject.h(2,10): fatal error C1083: Cannot open include file: 'Box2D/Box2D.h': No such file or directory
  PlayerSelect.cpp
C:\Users\Ben\Documents\MultiMouse\MultiMouse\GameObject.h(2,10): fatal error C1083: Cannot open include file: 'Box2D/Box2D.h': No such file or directory
  Compiling...
  PongLevel.cpp
C:\Users\Ben\Documents\MultiMouse\MultiMouse\GameObject.h(2,10): fatal error C1083: Cannot open include file: 'Box2D/Box2D.h': No such file or directory
  Scene.cpp
C:\Users\Ben\Documents\MultiMouse\MultiMouse\GameObject.h(2,10): fatal error C1083: Cannot open include file: 'Box2D/Box2D.h': No such file or directory
  LevelManager.cpp
C:\Users\Ben\Documents\MultiMouse\MultiMouse\GameObject.h(2,10): fatal error C1083: Cannot open include file: 'Box2D/Box2D.h': No such file or directory
  Mouse.cpp
C:\Users\Ben\Documents\MultiMouse\MultiMouse\GameObject.h(2,10): fatal error C1083: Cannot open include file: 'Box2D/Box2D.h': No such file or directory
  MouseManager.cpp
C:\Users\Ben\Documents\MultiMouse\MultiMouse\GameObject.h(2,10): fatal error C1083: Cannot open include file: 'Box2D/Box2D.h': No such file or directory
  PhysicsWorld.cpp
C:\Users\Ben\Documents\MultiMouse\MultiMouse\GameObject.h(2,10): fatal error C1083: Cannot open include file: 'Box2D/Box2D.h': No such file or directory
  PolygonObject.cpp
C:\Users\Ben\Documents\MultiMouse\MultiMouse\GameObject.h(2,10): fatal error C1083: Cannot open include file: 'Box2D/Box2D.h': No such file or directory
  PolygonPhysicsObject.cpp
C:\Users\Ben\Documents\MultiMouse\MultiMouse\GameObject.h(2,10): fatal error C1083: Cannot open include file: 'Box2D/Box2D.h': No such file or directory
  Source.cpp
C:\Users\Ben\Documents\MultiMouse\MultiMouse\GameObject.h(2,10): fatal error C1083: Cannot open include file: 'Box2D/Box2D.h': No such file or directory
  TeamSelect.cpp
C:\Users\Ben\Documents\MultiMouse\MultiMouse\GameObject.h(2,10): fatal error C1083: Cannot open include file: 'Box2D/Box2D.h': No such file or directory
  Timer.cpp
C:\Users\Ben\Documents\MultiMouse\MultiMouse\Label.h(4,10): fatal error C1083: Cannot open include file: 'SFML/Graphics.hpp': No such file or directory
  Trigger.cpp
C:\Users\Ben\Documents\MultiMouse\MultiMouse\GameObject.h(2,10): fatal error C1083: Cannot open include file: 'Box2D/Box2D.h': No such file or directory
  UIData.cpp
C:\Users\Ben\Documents\MultiMouse\MultiMouse\UIData.h(4,10): fatal error C1083: Cannot open include file: 'SFML/Graphics.hpp': No such file or directory
  UIManager.cpp
C:\Users\Ben\Documents\MultiMouse\MultiMouse\UIManager.h(5,10): fatal error C1083: Cannot open include file: 'SFML/Graphics.hpp': No such file or directory
